2020-11-10 00:01:16,168 INFO [SpringContextShutdownHook] Shutting down ExecutorService 'applicationTaskExecutor'
2020-11-10 00:01:16,171 INFO [SpringContextShutdownHook] Closing JPA EntityManagerFactory for persistence unit 'default'
2020-11-10 00:01:16,173 INFO [SpringContextShutdownHook] HikariPool-1 - Shutdown initiated...
2020-11-10 00:01:16,183 INFO [SpringContextShutdownHook] HikariPool-1 - Shutdown completed.
2020-11-10 23:29:40,574 INFO [main] Starting AbizeitungVotingSystemApplication on bitecoding-System-Product-Name with PID 19354 (/home/bitecoding/Documents/AbizeitungVotingSystem/target/classes started by bitecoding in /home/bitecoding/Documents/AbizeitungVotingSystem)
2020-11-10 23:29:40,577 INFO [main] No active profile set, falling back to default profiles: default
2020-11-10 23:29:41,113 INFO [main] Bootstrapping Spring Data JPA repositories in DEFAULT mode.
2020-11-10 23:29:41,170 INFO [main] Finished Spring Data repository scanning in 47ms. Found 3 JPA repository interfaces.
2020-11-10 23:29:41,898 INFO [main] Tomcat initialized with port(s): 8080 (http)
2020-11-10 23:29:41,909 INFO [main] Initializing ProtocolHandler ["http-nio-8080"]
2020-11-10 23:29:41,910 INFO [main] Starting service [Tomcat]
2020-11-10 23:29:41,911 INFO [main] Starting Servlet engine: [Apache Tomcat/9.0.38]
2020-11-10 23:29:42,020 INFO [main] Initializing Spring embedded WebApplicationContext
2020-11-10 23:29:42,020 INFO [main] Root WebApplicationContext: initialization completed in 1376 ms
2020-11-10 23:29:42,276 INFO [main] HHH000204: Processing PersistenceUnitInfo [name: default]
2020-11-10 23:29:42,342 INFO [main] HHH000412: Hibernate ORM core version 5.4.21.Final
2020-11-10 23:29:42,494 INFO [main] HCANN000001: Hibernate Commons Annotations {5.1.0.Final}
2020-11-10 23:29:42,582 INFO [main] HikariPool-1 - Starting...
2020-11-10 23:29:43,071 INFO [main] HikariPool-1 - Start completed.
2020-11-10 23:29:43,107 INFO [main] HHH000400: Using dialect: org.hibernate.dialect.MySQL8Dialect
2020-11-10 23:29:43,835 INFO [main] HHH000490: Using JtaPlatform implementation: [org.hibernate.engine.transaction.jta.platform.internal.NoJtaPlatform]
2020-11-10 23:29:43,843 INFO [main] Initialized JPA EntityManagerFactory for persistence unit 'default'
2020-11-10 23:29:44,313 WARN [main] spring.jpa.open-in-view is enabled by default. Therefore, database queries may be performed during view rendering. Explicitly configure spring.jpa.open-in-view to disable this warning
2020-11-10 23:29:44,447 INFO [main] Initializing ExecutorService 'applicationTaskExecutor'
2020-11-10 23:29:44,651 INFO [main] Starting ProtocolHandler ["http-nio-8080"]
2020-11-10 23:29:44,667 INFO [main] Tomcat started on port(s): 8080 (http) with context path ''
2020-11-10 23:29:44,679 INFO [main] Started AbizeitungVotingSystemApplication in 4.532 seconds (JVM running for 5.135)
2020-11-10 23:30:09,595 INFO [SpringContextShutdownHook] Shutting down ExecutorService 'applicationTaskExecutor'
2020-11-10 23:30:09,597 INFO [SpringContextShutdownHook] Closing JPA EntityManagerFactory for persistence unit 'default'
2020-11-10 23:30:09,600 INFO [SpringContextShutdownHook] HikariPool-1 - Shutdown initiated...
2020-11-10 23:30:09,606 INFO [SpringContextShutdownHook] HikariPool-1 - Shutdown completed.
2020-11-10 23:29:49,904 INFO [main] Starting AbizeitungVotingSystemApplication on coding-laptop with PID 273415 (/home/bitecoding/Documents/AbizeitungVotingSystem/target/classes started by bitecoding in /home/bitecoding/Documents/AbizeitungVotingSystem)
2020-11-10 23:29:49,912 INFO [main] No active profile set, falling back to default profiles: default
2020-11-10 23:29:51,345 INFO [main] Bootstrapping Spring Data JPA repositories in DEFAULT mode.
2020-11-10 23:29:51,569 INFO [main] Finished Spring Data repository scanning in 189ms. Found 3 JPA repository interfaces.
2020-11-10 23:29:53,369 INFO [main] Tomcat initialized with port(s): 8080 (http)
2020-11-10 23:29:53,403 INFO [main] Initializing ProtocolHandler ["http-nio-8080"]
2020-11-10 23:29:53,417 INFO [main] Starting service [Tomcat]
2020-11-10 23:29:53,420 INFO [main] Starting Servlet engine: [Apache Tomcat/9.0.38]
2020-11-10 23:29:53,738 INFO [main] Initializing Spring embedded WebApplicationContext
2020-11-10 23:29:53,739 INFO [main] Root WebApplicationContext: initialization completed in 3649 ms
2020-11-10 23:29:54,342 INFO [main] HHH000204: Processing PersistenceUnitInfo [name: default]
2020-11-10 23:29:54,499 INFO [main] HHH000412: Hibernate ORM core version 5.4.21.Final
2020-11-10 23:29:54,826 INFO [main] HCANN000001: Hibernate Commons Annotations {5.1.0.Final}
2020-11-10 23:29:55,059 INFO [main] HikariPool-1 - Starting...
2020-11-10 23:29:57,149 ERROR [main] HikariPool-1 - Exception during pool initialization.
java.sql.SQLException: Access denied for user 'root'@'localhost'
	at com.mysql.cj.jdbc.exceptions.SQLError.createSQLException(SQLError.java:129)
	at com.mysql.cj.jdbc.exceptions.SQLError.createSQLException(SQLError.java:97)
	at com.mysql.cj.jdbc.exceptions.SQLExceptionsMapping.translateException(SQLExceptionsMapping.java:122)
	at com.mysql.cj.jdbc.ConnectionImpl.createNewIO(ConnectionImpl.java:836)
	at com.mysql.cj.jdbc.ConnectionImpl.<init>(ConnectionImpl.java:456)
	at com.mysql.cj.jdbc.ConnectionImpl.getInstance(ConnectionImpl.java:246)
	at com.mysql.cj.jdbc.NonRegisteringDriver.connect(NonRegisteringDriver.java:197)
	at com.zaxxer.hikari.util.DriverDataSource.getConnection(DriverDataSource.java:138)
	at com.zaxxer.hikari.pool.PoolBase.newConnection(PoolBase.java:358)
	at com.zaxxer.hikari.pool.PoolBase.newPoolEntry(PoolBase.java:206)
	at com.zaxxer.hikari.pool.HikariPool.createPoolEntry(HikariPool.java:477)
	at com.zaxxer.hikari.pool.HikariPool.checkFailFast(HikariPool.java:560)
	at com.zaxxer.hikari.pool.HikariPool.<init>(HikariPool.java:115)
	at com.zaxxer.hikari.HikariDataSource.getConnection(HikariDataSource.java:112)
	at org.hibernate.engine.jdbc.connections.internal.DatasourceConnectionProviderImpl.getConnection(DatasourceConnectionProviderImpl.java:122)
	at org.hibernate.engine.jdbc.env.internal.JdbcEnvironmentInitiator$ConnectionProviderJdbcConnectionAccess.obtainConnection(JdbcEnvironmentInitiator.java:180)
	at org.hibernate.engine.jdbc.env.internal.JdbcEnvironmentInitiator.initiateService(JdbcEnvironmentInitiator.java:68)
	at org.hibernate.engine.jdbc.env.internal.JdbcEnvironmentInitiator.initiateService(JdbcEnvironmentInitiator.java:35)
	at org.hibernate.boot.registry.internal.StandardServiceRegistryImpl.initiateService(StandardServiceRegistryImpl.java:101)
	at org.hibernate.service.internal.AbstractServiceRegistryImpl.createService(AbstractServiceRegistryImpl.java:263)
	at org.hibernate.service.internal.AbstractServiceRegistryImpl.initializeService(AbstractServiceRegistryImpl.java:237)
	at org.hibernate.service.internal.AbstractServiceRegistryImpl.getService(AbstractServiceRegistryImpl.java:214)
	at org.hibernate.id.factory.internal.DefaultIdentifierGeneratorFactory.injectServices(DefaultIdentifierGeneratorFactory.java:152)
	at org.hibernate.service.internal.AbstractServiceRegistryImpl.injectDependencies(AbstractServiceRegistryImpl.java:286)
	at org.hibernate.service.internal.AbstractServiceRegistryImpl.initializeService(AbstractServiceRegistryImpl.java:243)
	at org.hibernate.service.internal.AbstractServiceRegistryImpl.getService(AbstractServiceRegistryImpl.java:214)
	at org.hibernate.boot.internal.InFlightMetadataCollectorImpl.<init>(InFlightMetadataCollectorImpl.java:176)
	at org.hibernate.boot.model.process.spi.MetadataBuildingProcess.complete(MetadataBuildingProcess.java:118)
	at org.hibernate.jpa.boot.internal.EntityManagerFactoryBuilderImpl.metadata(EntityManagerFactoryBuilderImpl.java:1224)
	at org.hibernate.jpa.boot.internal.EntityManagerFactoryBuilderImpl.build(EntityManagerFactoryBuilderImpl.java:1255)
	at org.springframework.orm.jpa.vendor.SpringHibernateJpaPersistenceProvider.createContainerEntityManagerFactory(SpringHibernateJpaPersistenceProvider.java:58)
	at org.springframework.orm.jpa.LocalContainerEntityManagerFactoryBean.createNativeEntityManagerFactory(LocalContainerEntityManagerFactoryBean.java:365)
	at org.springframework.orm.jpa.AbstractEntityManagerFactoryBean.buildNativeEntityManagerFactory(AbstractEntityManagerFactoryBean.java:391)
	at org.springframework.orm.jpa.AbstractEntityManagerFactoryBean.afterPropertiesSet(AbstractEntityManagerFactoryBean.java:378)
	at org.springframework.orm.jpa.LocalContainerEntityManagerFactoryBean.afterPropertiesSet(LocalContainerEntityManagerFactoryBean.java:341)
	at org.springframework.beans.factory.support.AbstractAutowireCapableBeanFactory.invokeInitMethods(AbstractAutowireCapableBeanFactory.java:1853)
	at org.springframework.beans.factory.support.AbstractAutowireCapableBeanFactory.initializeBean(AbstractAutowireCapableBeanFactory.java:1790)
	at org.springframework.beans.factory.support.AbstractAutowireCapableBeanFactory.doCreateBean(AbstractAutowireCapableBeanFactory.java:594)
	at org.springframework.beans.factory.support.AbstractAutowireCapableBeanFactory.createBean(AbstractAutowireCapableBeanFactory.java:516)
	at org.springframework.beans.factory.support.AbstractBeanFactory.lambda$doGetBean$0(AbstractBeanFactory.java:324)
	at org.springframework.beans.factory.support.DefaultSingletonBeanRegistry.getSingleton(DefaultSingletonBeanRegistry.java:234)
	at org.springframework.beans.factory.support.AbstractBeanFactory.doGetBean(AbstractBeanFactory.java:322)
	at org.springframework.beans.factory.support.AbstractBeanFactory.getBean(AbstractBeanFactory.java:202)
	at org.springframework.context.support.AbstractApplicationContext.getBean(AbstractApplicationContext.java:1109)
	at org.springframework.context.support.AbstractApplicationContext.finishBeanFactoryInitialization(AbstractApplicationContext.java:869)
	at org.springframework.context.support.AbstractApplicationContext.refresh(AbstractApplicationContext.java:551)
	at org.springframework.boot.web.servlet.context.ServletWebServerApplicationContext.refresh(ServletWebServerApplicationContext.java:143)
	at org.springframework.boot.SpringApplication.refresh(SpringApplication.java:758)
	at org.springframework.boot.SpringApplication.refresh(SpringApplication.java:750)
	at org.springframework.boot.SpringApplication.refreshContext(SpringApplication.java:397)
	at org.springframework.boot.SpringApplication.run(SpringApplication.java:315)
	at org.springframework.boot.SpringApplication.run(SpringApplication.java:1237)
	at org.springframework.boot.SpringApplication.run(SpringApplication.java:1226)
	at com.github.cato447.AbizeitungVotingSystem.AbizeitungVotingSystemApplication.main(AbizeitungVotingSystemApplication.java:12)
2020-11-10 23:29:57,150 WARN [main] HHH000342: Could not obtain connection to query metadata : Access denied for user 'root'@'localhost'
2020-11-10 23:29:57,155 WARN [main] Exception encountered during context initialization - cancelling refresh attempt: org.springframework.beans.factory.BeanCreationException: Error creating bean with name 'entityManagerFactory' defined in class path resource [org/springframework/boot/autoconfigure/orm/jpa/HibernateJpaConfiguration.class]: Invocation of init method failed; nested exception is org.hibernate.service.spi.ServiceException: Unable to create requested service [org.hibernate.engine.jdbc.env.spi.JdbcEnvironment]
2020-11-10 23:29:57,159 INFO [main] Stopping service [Tomcat]
2020-11-10 23:29:57,173 INFO [main] 

Error starting ApplicationContext. To display the conditions report re-run your application with 'debug' enabled.
2020-11-10 23:29:57,175 ERROR [main] Application run failed
org.springframework.beans.factory.BeanCreationException: Error creating bean with name 'entityManagerFactory' defined in class path resource [org/springframework/boot/autoconfigure/orm/jpa/HibernateJpaConfiguration.class]: Invocation of init method failed; nested exception is org.hibernate.service.spi.ServiceException: Unable to create requested service [org.hibernate.engine.jdbc.env.spi.JdbcEnvironment]
	at org.springframework.beans.factory.support.AbstractAutowireCapableBeanFactory.initializeBean(AbstractAutowireCapableBeanFactory.java:1794)
	at org.springframework.beans.factory.support.AbstractAutowireCapableBeanFactory.doCreateBean(AbstractAutowireCapableBeanFactory.java:594)
	at org.springframework.beans.factory.support.AbstractAutowireCapableBeanFactory.createBean(AbstractAutowireCapableBeanFactory.java:516)
	at org.springframework.beans.factory.support.AbstractBeanFactory.lambda$doGetBean$0(AbstractBeanFactory.java:324)
	at org.springframework.beans.factory.support.DefaultSingletonBeanRegistry.getSingleton(DefaultSingletonBeanRegistry.java:234)
	at org.springframework.beans.factory.support.AbstractBeanFactory.doGetBean(AbstractBeanFactory.java:322)
	at org.springframework.beans.factory.support.AbstractBeanFactory.getBean(AbstractBeanFactory.java:202)
	at org.springframework.context.support.AbstractApplicationContext.getBean(AbstractApplicationContext.java:1109)
	at org.springframework.context.support.AbstractApplicationContext.finishBeanFactoryInitialization(AbstractApplicationContext.java:869)
	at org.springframework.context.support.AbstractApplicationContext.refresh(AbstractApplicationContext.java:551)
	at org.springframework.boot.web.servlet.context.ServletWebServerApplicationContext.refresh(ServletWebServerApplicationContext.java:143)
	at org.springframework.boot.SpringApplication.refresh(SpringApplication.java:758)
	at org.springframework.boot.SpringApplication.refresh(SpringApplication.java:750)
	at org.springframework.boot.SpringApplication.refreshContext(SpringApplication.java:397)
	at org.springframework.boot.SpringApplication.run(SpringApplication.java:315)
	at org.springframework.boot.SpringApplication.run(SpringApplication.java:1237)
	at org.springframework.boot.SpringApplication.run(SpringApplication.java:1226)
	at com.github.cato447.AbizeitungVotingSystem.AbizeitungVotingSystemApplication.main(AbizeitungVotingSystemApplication.java:12)
Caused by: org.hibernate.service.spi.ServiceException: Unable to create requested service [org.hibernate.engine.jdbc.env.spi.JdbcEnvironment]
	at org.hibernate.service.internal.AbstractServiceRegistryImpl.createService(AbstractServiceRegistryImpl.java:275)
	at org.hibernate.service.internal.AbstractServiceRegistryImpl.initializeService(AbstractServiceRegistryImpl.java:237)
	at org.hibernate.service.internal.AbstractServiceRegistryImpl.getService(AbstractServiceRegistryImpl.java:214)
	at org.hibernate.id.factory.internal.DefaultIdentifierGeneratorFactory.injectServices(DefaultIdentifierGeneratorFactory.java:152)
	at org.hibernate.service.internal.AbstractServiceRegistryImpl.injectDependencies(AbstractServiceRegistryImpl.java:286)
	at org.hibernate.service.internal.AbstractServiceRegistryImpl.initializeService(AbstractServiceRegistryImpl.java:243)
	at org.hibernate.service.internal.AbstractServiceRegistryImpl.getService(AbstractServiceRegistryImpl.java:214)
	at org.hibernate.boot.internal.InFlightMetadataCollectorImpl.<init>(InFlightMetadataCollectorImpl.java:176)
	at org.hibernate.boot.model.process.spi.MetadataBuildingProcess.complete(MetadataBuildingProcess.java:118)
	at org.hibernate.jpa.boot.internal.EntityManagerFactoryBuilderImpl.metadata(EntityManagerFactoryBuilderImpl.java:1224)
	at org.hibernate.jpa.boot.internal.EntityManagerFactoryBuilderImpl.build(EntityManagerFactoryBuilderImpl.java:1255)
	at org.springframework.orm.jpa.vendor.SpringHibernateJpaPersistenceProvider.createContainerEntityManagerFactory(SpringHibernateJpaPersistenceProvider.java:58)
	at org.springframework.orm.jpa.LocalContainerEntityManagerFactoryBean.createNativeEntityManagerFactory(LocalContainerEntityManagerFactoryBean.java:365)
	at org.springframework.orm.jpa.AbstractEntityManagerFactoryBean.buildNativeEntityManagerFactory(AbstractEntityManagerFactoryBean.java:391)
	at org.springframework.orm.jpa.AbstractEntityManagerFactoryBean.afterPropertiesSet(AbstractEntityManagerFactoryBean.java:378)
	at org.springframework.orm.jpa.LocalContainerEntityManagerFactoryBean.afterPropertiesSet(LocalContainerEntityManagerFactoryBean.java:341)
	at org.springframework.beans.factory.support.AbstractAutowireCapableBeanFactory.invokeInitMethods(AbstractAutowireCapableBeanFactory.java:1853)
	at org.springframework.beans.factory.support.AbstractAutowireCapableBeanFactory.initializeBean(AbstractAutowireCapableBeanFactory.java:1790)
	... 17 common frames omitted
Caused by: org.hibernate.HibernateException: Access to DialectResolutionInfo cannot be null when 'hibernate.dialect' not set
	at org.hibernate.engine.jdbc.dialect.internal.DialectFactoryImpl.determineDialect(DialectFactoryImpl.java:100)
	at org.hibernate.engine.jdbc.dialect.internal.DialectFactoryImpl.buildDialect(DialectFactoryImpl.java:54)
	at org.hibernate.engine.jdbc.env.internal.JdbcEnvironmentInitiator.initiateService(JdbcEnvironmentInitiator.java:137)
	at org.hibernate.engine.jdbc.env.internal.JdbcEnvironmentInitiator.initiateService(JdbcEnvironmentInitiator.java:35)
	at org.hibernate.boot.registry.internal.StandardServiceRegistryImpl.initiateService(StandardServiceRegistryImpl.java:101)
	at org.hibernate.service.internal.AbstractServiceRegistryImpl.createService(AbstractServiceRegistryImpl.java:263)
	... 34 common frames omitted
2020-11-10 23:31:24,180 INFO [main] Starting AbizeitungVotingSystemApplication on bitecoding-System-Product-Name with PID 19558 (/home/bitecoding/Documents/AbizeitungVotingSystem/target/classes started by bitecoding in /home/bitecoding/Documents/AbizeitungVotingSystem)
2020-11-10 23:31:24,183 INFO [main] No active profile set, falling back to default profiles: default
2020-11-10 23:31:24,647 INFO [main] Bootstrapping Spring Data JPA repositories in DEFAULT mode.
2020-11-10 23:31:24,695 INFO [main] Finished Spring Data repository scanning in 42ms. Found 3 JPA repository interfaces.
2020-11-10 23:31:25,252 INFO [main] Tomcat initialized with port(s): 8080 (http)
2020-11-10 23:31:25,260 INFO [main] Initializing ProtocolHandler ["http-nio-8080"]
2020-11-10 23:31:25,261 INFO [main] Starting service [Tomcat]
2020-11-10 23:31:25,261 INFO [main] Starting Servlet engine: [Apache Tomcat/9.0.38]
2020-11-10 23:31:25,331 INFO [main] Initializing Spring embedded WebApplicationContext
2020-11-10 23:31:25,331 INFO [main] Root WebApplicationContext: initialization completed in 1094 ms
2020-11-10 23:31:25,479 INFO [main] HHH000204: Processing PersistenceUnitInfo [name: default]
2020-11-10 23:31:25,517 INFO [main] HHH000412: Hibernate ORM core version 5.4.21.Final
2020-11-10 23:31:25,598 INFO [main] HCANN000001: Hibernate Commons Annotations {5.1.0.Final}
2020-11-10 23:31:25,658 INFO [main] HikariPool-1 - Starting...
2020-11-10 23:31:25,964 INFO [main] HikariPool-1 - Start completed.
2020-11-10 23:31:25,983 INFO [main] HHH000400: Using dialect: org.hibernate.dialect.MySQL8Dialect
2020-11-10 23:31:26,433 INFO [main] HHH000490: Using JtaPlatform implementation: [org.hibernate.engine.transaction.jta.platform.internal.NoJtaPlatform]
2020-11-10 23:31:26,440 INFO [main] Initialized JPA EntityManagerFactory for persistence unit 'default'
2020-11-10 23:31:26,744 WARN [main] spring.jpa.open-in-view is enabled by default. Therefore, database queries may be performed during view rendering. Explicitly configure spring.jpa.open-in-view to disable this warning
2020-11-10 23:31:26,844 INFO [main] Initializing ExecutorService 'applicationTaskExecutor'
2020-11-10 23:31:27,015 INFO [main] Starting ProtocolHandler ["http-nio-8080"]
2020-11-10 23:31:27,030 INFO [main] Tomcat started on port(s): 8080 (http) with context path ''
2020-11-10 23:31:27,043 INFO [main] Started AbizeitungVotingSystemApplication in 3.141 seconds (JVM running for 3.568)
2020-11-10 23:32:19,396 INFO [http-nio-8080-exec-1] Initializing Spring DispatcherServlet 'dispatcherServlet'
2020-11-10 23:32:19,397 INFO [http-nio-8080-exec-1] Initializing Servlet 'dispatcherServlet'
2020-11-10 23:32:19,405 INFO [http-nio-8080-exec-1] Completed initialization in 8 ms
2020-11-10 23:32:19,531 INFO [http-nio-8080-exec-1] User IP: 127.0.0.1
2020-11-10 23:45:30,922 INFO [SpringContextShutdownHook] Shutting down ExecutorService 'applicationTaskExecutor'
2020-11-10 23:45:30,923 INFO [SpringContextShutdownHook] Closing JPA EntityManagerFactory for persistence unit 'default'
2020-11-10 23:45:30,925 INFO [SpringContextShutdownHook] HikariPool-1 - Shutdown initiated...
2020-11-10 23:45:30,933 INFO [SpringContextShutdownHook] HikariPool-1 - Shutdown completed.
