2020-11-01 21:46:04,590 INFO org.springframework.boot.StartupInfoLogger [main] Starting AbizeitungVotingSystemApplication on bitecoding-System-Product-Name with PID 12831 (/home/bitecoding/Documents/AbizeitungVotingSystem/target/classes started by bitecoding in /home/bitecoding/Documents/AbizeitungVotingSystem)
2020-11-01 21:46:04,593 INFO org.springframework.boot.SpringApplication [main] No active profile set, falling back to default profiles: default
2020-11-01 21:46:05,109 INFO org.springframework.data.repository.config.RepositoryConfigurationDelegate [main] Bootstrapping Spring Data JPA repositories in DEFAULT mode.
2020-11-01 21:46:05,152 INFO org.springframework.data.repository.config.RepositoryConfigurationDelegate [main] Finished Spring Data repository scanning in 36ms. Found 2 JPA repository interfaces.
2020-11-01 21:46:05,806 INFO org.springframework.boot.web.embedded.tomcat.TomcatWebServer [main] Tomcat initialized with port(s): 8080 (http)
2020-11-01 21:46:05,814 INFO org.apache.juli.logging.DirectJDKLog [main] Initializing ProtocolHandler ["http-nio-8080"]
2020-11-01 21:46:05,815 INFO org.apache.juli.logging.DirectJDKLog [main] Starting service [Tomcat]
2020-11-01 21:46:05,815 INFO org.apache.juli.logging.DirectJDKLog [main] Starting Servlet engine: [Apache Tomcat/9.0.38]
2020-11-01 21:46:05,893 INFO org.apache.juli.logging.DirectJDKLog [main] Initializing Spring embedded WebApplicationContext
2020-11-01 21:46:05,893 INFO org.springframework.boot.web.servlet.context.ServletWebServerApplicationContext [main] Root WebApplicationContext: initialization completed in 1241 ms
2020-11-01 21:46:06,091 INFO org.hibernate.jpa.internal.util.LogHelper [main] HHH000204: Processing PersistenceUnitInfo [name: default]
2020-11-01 21:46:06,126 INFO org.hibernate.Version [main] HHH000412: Hibernate ORM core version 5.4.21.Final
2020-11-01 21:46:06,222 INFO org.hibernate.annotations.common.reflection.java.JavaReflectionManager [main] HCANN000001: Hibernate Commons Annotations {5.1.0.Final}
2020-11-01 21:46:06,291 INFO com.zaxxer.hikari.HikariDataSource [main] HikariPool-1 - Starting...
2020-11-01 21:46:06,652 INFO com.zaxxer.hikari.HikariDataSource [main] HikariPool-1 - Start completed.
2020-11-01 21:46:06,672 INFO org.hibernate.dialect.Dialect [main] HHH000400: Using dialect: org.hibernate.dialect.MySQL8Dialect
2020-11-01 21:46:07,144 INFO org.hibernate.engine.transaction.jta.platform.internal.JtaPlatformInitiator [main] HHH000490: Using JtaPlatform implementation: [org.hibernate.engine.transaction.jta.platform.internal.NoJtaPlatform]
2020-11-01 21:46:07,152 INFO org.springframework.orm.jpa.AbstractEntityManagerFactoryBean [main] Initialized JPA EntityManagerFactory for persistence unit 'default'
2020-11-01 21:46:07,442 WARN org.springframework.boot.autoconfigure.orm.jpa.JpaBaseConfiguration$JpaWebConfiguration [main] spring.jpa.open-in-view is enabled by default. Therefore, database queries may be performed during view rendering. Explicitly configure spring.jpa.open-in-view to disable this warning
2020-11-01 21:46:07,541 INFO org.springframework.scheduling.concurrent.ExecutorConfigurationSupport [main] Initializing ExecutorService 'applicationTaskExecutor'
2020-11-01 21:46:07,701 INFO org.apache.juli.logging.DirectJDKLog [main] Starting ProtocolHandler ["http-nio-8080"]
2020-11-01 21:46:07,722 INFO org.springframework.boot.web.embedded.tomcat.TomcatWebServer [main] Tomcat started on port(s): 8080 (http) with context path ''
2020-11-01 21:46:07,731 INFO org.springframework.boot.StartupInfoLogger [main] Started AbizeitungVotingSystemApplication in 3.45 seconds (JVM running for 3.898)
2020-11-01 21:46:22,684 INFO org.apache.juli.logging.DirectJDKLog [http-nio-8080-exec-1] Initializing Spring DispatcherServlet 'dispatcherServlet'
2020-11-01 21:46:22,684 INFO org.springframework.web.servlet.FrameworkServlet [http-nio-8080-exec-1] Initializing Servlet 'dispatcherServlet'
2020-11-01 21:46:22,693 INFO org.springframework.web.servlet.FrameworkServlet [http-nio-8080-exec-1] Completed initialization in 8 ms
2020-11-01 21:46:22,817 INFO com.github.cato447.AbizeitungVotingSystem.controller.VotingController [http-nio-8080-exec-1] User IP: 127.0.0.1
2020-11-01 21:46:35,400 ERROR com.github.cato447.AbizeitungVotingSystem.controller.VotingController [http-nio-8080-exec-2] simon@bussmann.es is not allowed to vote
2020-11-01 21:46:47,262 INFO com.github.cato447.AbizeitungVotingSystem.controller.VotingController [http-nio-8080-exec-3] User IP: 127.0.0.1
2020-11-01 21:47:10,913 ERROR com.github.cato447.AbizeitungVotingSystem.controller.VotingController [http-nio-8080-exec-4] lauramarie.koening@adolfinum.de is not allowed to vote
2020-11-01 21:47:14,321 INFO com.github.cato447.AbizeitungVotingSystem.controller.VotingController [http-nio-8080-exec-5] User IP: 127.0.0.1
2020-11-01 21:50:40,176 INFO com.github.cato447.AbizeitungVotingSystem.controller.VotingController [http-nio-8080-exec-7] lauramarie.koenig@adolfinum.de is voting now
2020-11-01 21:50:55,817 INFO org.springframework.scheduling.concurrent.ExecutorConfigurationSupport [SpringContextShutdownHook] Shutting down ExecutorService 'applicationTaskExecutor'
2020-11-01 21:50:55,819 INFO org.springframework.orm.jpa.AbstractEntityManagerFactoryBean [SpringContextShutdownHook] Closing JPA EntityManagerFactory for persistence unit 'default'
2020-11-01 21:50:55,822 INFO com.zaxxer.hikari.HikariDataSource [SpringContextShutdownHook] HikariPool-1 - Shutdown initiated...
2020-11-01 21:50:55,836 INFO com.zaxxer.hikari.HikariDataSource [SpringContextShutdownHook] HikariPool-1 - Shutdown completed.
2020-11-01 22:35:30,224 INFO org.springframework.boot.StartupInfoLogger [main] Starting AbizeitungVotingSystemApplication on bitecoding-System-Product-Name with PID 14212 (/home/bitecoding/Documents/AbizeitungVotingSystem/target/classes started by bitecoding in /home/bitecoding/Documents/AbizeitungVotingSystem)
2020-11-01 22:35:30,227 INFO org.springframework.boot.SpringApplication [main] No active profile set, falling back to default profiles: default
2020-11-01 22:35:30,837 INFO org.springframework.data.repository.config.RepositoryConfigurationDelegate [main] Bootstrapping Spring Data JPA repositories in DEFAULT mode.
2020-11-01 22:35:30,888 INFO org.springframework.data.repository.config.RepositoryConfigurationDelegate [main] Finished Spring Data repository scanning in 42ms. Found 2 JPA repository interfaces.
2020-11-01 22:35:31,605 INFO org.springframework.boot.web.embedded.tomcat.TomcatWebServer [main] Tomcat initialized with port(s): 8080 (http)
2020-11-01 22:35:31,614 INFO org.apache.juli.logging.DirectJDKLog [main] Initializing ProtocolHandler ["http-nio-8080"]
2020-11-01 22:35:31,615 INFO org.apache.juli.logging.DirectJDKLog [main] Starting service [Tomcat]
2020-11-01 22:35:31,616 INFO org.apache.juli.logging.DirectJDKLog [main] Starting Servlet engine: [Apache Tomcat/9.0.38]
2020-11-01 22:35:31,721 INFO org.apache.juli.logging.DirectJDKLog [main] Initializing Spring embedded WebApplicationContext
2020-11-01 22:35:31,722 INFO org.springframework.boot.web.servlet.context.ServletWebServerApplicationContext [main] Root WebApplicationContext: initialization completed in 1436 ms
2020-11-01 22:35:31,939 INFO org.hibernate.jpa.internal.util.LogHelper [main] HHH000204: Processing PersistenceUnitInfo [name: default]
2020-11-01 22:35:31,975 INFO org.hibernate.Version [main] HHH000412: Hibernate ORM core version 5.4.21.Final
2020-11-01 22:35:32,073 INFO org.hibernate.annotations.common.reflection.java.JavaReflectionManager [main] HCANN000001: Hibernate Commons Annotations {5.1.0.Final}
2020-11-01 22:35:32,144 INFO com.zaxxer.hikari.HikariDataSource [main] HikariPool-1 - Starting...
2020-11-01 22:35:32,522 INFO com.zaxxer.hikari.HikariDataSource [main] HikariPool-1 - Start completed.
2020-11-01 22:35:32,540 INFO org.hibernate.dialect.Dialect [main] HHH000400: Using dialect: org.hibernate.dialect.MySQL8Dialect
2020-11-01 22:35:33,049 INFO org.hibernate.engine.transaction.jta.platform.internal.JtaPlatformInitiator [main] HHH000490: Using JtaPlatform implementation: [org.hibernate.engine.transaction.jta.platform.internal.NoJtaPlatform]
2020-11-01 22:35:33,054 INFO org.springframework.orm.jpa.AbstractEntityManagerFactoryBean [main] Initialized JPA EntityManagerFactory for persistence unit 'default'
2020-11-01 22:35:33,427 WARN org.springframework.boot.autoconfigure.orm.jpa.JpaBaseConfiguration$JpaWebConfiguration [main] spring.jpa.open-in-view is enabled by default. Therefore, database queries may be performed during view rendering. Explicitly configure spring.jpa.open-in-view to disable this warning
2020-11-01 22:35:33,545 INFO org.springframework.scheduling.concurrent.ExecutorConfigurationSupport [main] Initializing ExecutorService 'applicationTaskExecutor'
2020-11-01 22:35:33,724 INFO org.apache.juli.logging.DirectJDKLog [main] Starting ProtocolHandler ["http-nio-8080"]
2020-11-01 22:35:33,747 INFO org.springframework.boot.web.embedded.tomcat.TomcatWebServer [main] Tomcat started on port(s): 8080 (http) with context path ''
2020-11-01 22:35:33,757 INFO org.springframework.boot.StartupInfoLogger [main] Started AbizeitungVotingSystemApplication in 3.868 seconds (JVM running for 4.342)
2020-11-01 22:35:38,100 INFO org.springframework.scheduling.concurrent.ExecutorConfigurationSupport [SpringContextShutdownHook] Shutting down ExecutorService 'applicationTaskExecutor'
2020-11-01 22:35:38,102 INFO org.springframework.orm.jpa.AbstractEntityManagerFactoryBean [SpringContextShutdownHook] Closing JPA EntityManagerFactory for persistence unit 'default'
2020-11-01 22:35:38,105 INFO com.zaxxer.hikari.HikariDataSource [SpringContextShutdownHook] HikariPool-1 - Shutdown initiated...
2020-11-01 22:35:38,115 INFO com.zaxxer.hikari.HikariDataSource [SpringContextShutdownHook] HikariPool-1 - Shutdown completed.
2020-11-01 22:36:34,898 INFO org.springframework.boot.StartupInfoLogger [main] Starting AbizeitungVotingSystemApplication on bitecoding-System-Product-Name with PID 14352 (/home/bitecoding/Documents/AbizeitungVotingSystem/target/classes started by bitecoding in /home/bitecoding/Documents/AbizeitungVotingSystem)
2020-11-01 22:36:34,901 INFO org.springframework.boot.SpringApplication [main] No active profile set, falling back to default profiles: default
2020-11-01 22:36:35,442 INFO org.springframework.data.repository.config.RepositoryConfigurationDelegate [main] Bootstrapping Spring Data JPA repositories in DEFAULT mode.
2020-11-01 22:36:35,497 INFO org.springframework.data.repository.config.RepositoryConfigurationDelegate [main] Finished Spring Data repository scanning in 47ms. Found 2 JPA repository interfaces.
2020-11-01 22:36:36,162 INFO org.springframework.boot.web.embedded.tomcat.TomcatWebServer [main] Tomcat initialized with port(s): 8080 (http)
2020-11-01 22:36:36,174 INFO org.apache.juli.logging.DirectJDKLog [main] Initializing ProtocolHandler ["http-nio-8080"]
2020-11-01 22:36:36,174 INFO org.apache.juli.logging.DirectJDKLog [main] Starting service [Tomcat]
2020-11-01 22:36:36,175 INFO org.apache.juli.logging.DirectJDKLog [main] Starting Servlet engine: [Apache Tomcat/9.0.38]
2020-11-01 22:36:36,273 INFO org.apache.juli.logging.DirectJDKLog [main] Initializing Spring embedded WebApplicationContext
2020-11-01 22:36:36,274 INFO org.springframework.boot.web.servlet.context.ServletWebServerApplicationContext [main] Root WebApplicationContext: initialization completed in 1309 ms
2020-11-01 22:36:36,457 INFO org.hibernate.jpa.internal.util.LogHelper [main] HHH000204: Processing PersistenceUnitInfo [name: default]
2020-11-01 22:36:36,496 INFO org.hibernate.Version [main] HHH000412: Hibernate ORM core version 5.4.21.Final
2020-11-01 22:36:36,594 INFO org.hibernate.annotations.common.reflection.java.JavaReflectionManager [main] HCANN000001: Hibernate Commons Annotations {5.1.0.Final}
2020-11-01 22:36:36,671 INFO com.zaxxer.hikari.HikariDataSource [main] HikariPool-1 - Starting...
2020-11-01 22:36:37,039 INFO com.zaxxer.hikari.HikariDataSource [main] HikariPool-1 - Start completed.
2020-11-01 22:36:37,059 INFO org.hibernate.dialect.Dialect [main] HHH000400: Using dialect: org.hibernate.dialect.MySQL8Dialect
2020-11-01 22:36:37,592 INFO org.hibernate.engine.transaction.jta.platform.internal.JtaPlatformInitiator [main] HHH000490: Using JtaPlatform implementation: [org.hibernate.engine.transaction.jta.platform.internal.NoJtaPlatform]
2020-11-01 22:36:37,599 INFO org.springframework.orm.jpa.AbstractEntityManagerFactoryBean [main] Initialized JPA EntityManagerFactory for persistence unit 'default'
2020-11-01 22:36:37,921 WARN org.springframework.boot.autoconfigure.orm.jpa.JpaBaseConfiguration$JpaWebConfiguration [main] spring.jpa.open-in-view is enabled by default. Therefore, database queries may be performed during view rendering. Explicitly configure spring.jpa.open-in-view to disable this warning
2020-11-01 22:36:58,819 ERROR com.github.cato447.AbizeitungVotingSystem.controller.VotingController [http-nio-8080-exec-2] simon@bussmann.es is not allowed to vote
2020-11-01 22:37:23,069 WARN org.springframework.boot.autoconfigure.orm.jpa.JpaBaseConfiguration$JpaWebConfiguration [main] spring.jpa.open-in-view is enabled by default. Therefore, database queries may be performed during view rendering. Explicitly configure spring.jpa.open-in-view to disable this warning
2020-11-01 22:37:42,908 ERROR com.github.cato447.AbizeitungVotingSystem.controller.VotingController [http-nio-8080-exec-2] simon@bussmann.es is not allowed to vote
2020-11-01 22:39:22,674 INFO [main] Starting AbizeitungVotingSystemApplication on bitecoding-System-Product-Name with PID 14890 (/home/bitecoding/Documents/AbizeitungVotingSystem/target/classes started by bitecoding in /home/bitecoding/Documents/AbizeitungVotingSystem)
2020-11-01 22:39:22,678 INFO [main] No active profile set, falling back to default profiles: default
2020-11-01 22:39:23,219 INFO [main] Bootstrapping Spring Data JPA repositories in DEFAULT mode.
2020-11-01 22:39:23,280 INFO [main] Finished Spring Data repository scanning in 52ms. Found 2 JPA repository interfaces.
2020-11-01 22:39:23,945 INFO [main] Tomcat initialized with port(s): 8080 (http)
2020-11-01 22:39:23,956 INFO [main] Initializing ProtocolHandler ["http-nio-8080"]
2020-11-01 22:39:23,957 INFO [main] Starting service [Tomcat]
2020-11-01 22:39:23,957 INFO [main] Starting Servlet engine: [Apache Tomcat/9.0.38]
2020-11-01 22:39:24,046 INFO [main] Initializing Spring embedded WebApplicationContext
2020-11-01 22:39:24,046 INFO [main] Root WebApplicationContext: initialization completed in 1293 ms
2020-11-01 22:39:24,234 INFO [main] HHH000204: Processing PersistenceUnitInfo [name: default]
2020-11-01 22:39:24,264 INFO [main] HHH000412: Hibernate ORM core version 5.4.21.Final
2020-11-01 22:39:24,362 INFO [main] HCANN000001: Hibernate Commons Annotations {5.1.0.Final}
2020-11-01 22:39:24,454 INFO [main] HikariPool-1 - Starting...
2020-11-01 22:39:24,812 INFO [main] HikariPool-1 - Start completed.
2020-11-01 22:39:24,833 INFO [main] HHH000400: Using dialect: org.hibernate.dialect.MySQL8Dialect
2020-11-01 22:39:25,368 INFO [main] HHH000490: Using JtaPlatform implementation: [org.hibernate.engine.transaction.jta.platform.internal.NoJtaPlatform]
2020-11-01 22:39:25,373 INFO [main] Initialized JPA EntityManagerFactory for persistence unit 'default'
2020-11-01 22:39:25,677 WARN [main] spring.jpa.open-in-view is enabled by default. Therefore, database queries may be performed during view rendering. Explicitly configure spring.jpa.open-in-view to disable this warning
2020-11-01 22:39:25,791 INFO [main] Initializing ExecutorService 'applicationTaskExecutor'
2020-11-01 22:39:25,975 INFO [main] Starting ProtocolHandler ["http-nio-8080"]
2020-11-01 22:39:25,993 INFO [main] Tomcat started on port(s): 8080 (http) with context path ''
2020-11-01 22:39:26,004 INFO [main] Started AbizeitungVotingSystemApplication in 3.635 seconds (JVM running for 4.11)
2020-11-01 22:39:36,246 INFO [SpringContextShutdownHook] Shutting down ExecutorService 'applicationTaskExecutor'
2020-11-01 22:39:36,248 INFO [SpringContextShutdownHook] Closing JPA EntityManagerFactory for persistence unit 'default'
2020-11-01 22:39:36,250 INFO [SpringContextShutdownHook] HikariPool-1 - Shutdown initiated...
2020-11-01 22:39:36,261 INFO [SpringContextShutdownHook] HikariPool-1 - Shutdown completed.
Starting AbizeitungVotingSystemApplication on bitecoding-System-Product-Name with PID 15013 (/home/bitecoding/Documents/AbizeitungVotingSystem/target/classes started by bitecoding in /home/bitecoding/Documents/AbizeitungVotingSystem)
No active profile set, falling back to default profiles: default
Bootstrapping Spring Data JPA repositories in DEFAULT mode.
Finished Spring Data repository scanning in 39ms. Found 2 JPA repository interfaces.
Tomcat initialized with port(s): 8080 (http)
Initializing ProtocolHandler ["http-nio-8080"]
Starting service [Tomcat]
Starting Servlet engine: [Apache Tomcat/9.0.38]
Initializing Spring embedded WebApplicationContext
Root WebApplicationContext: initialization completed in 1340 ms
HHH000204: Processing PersistenceUnitInfo [name: default]
HHH000412: Hibernate ORM core version 5.4.21.Final
HCANN000001: Hibernate Commons Annotations {5.1.0.Final}
HikariPool-1 - Starting...
HikariPool-1 - Start completed.
HHH000400: Using dialect: org.hibernate.dialect.MySQL8Dialect
HHH000490: Using JtaPlatform implementation: [org.hibernate.engine.transaction.jta.platform.internal.NoJtaPlatform]
Initialized JPA EntityManagerFactory for persistence unit 'default'
spring.jpa.open-in-view is enabled by default. Therefore, database queries may be performed during view rendering. Explicitly configure spring.jpa.open-in-view to disable this warning
Initializing ExecutorService 'applicationTaskExecutor'
Starting ProtocolHandler ["http-nio-8080"]
Tomcat started on port(s): 8080 (http) with context path ''
Started AbizeitungVotingSystemApplication in 3.725 seconds (JVM running for 4.182)
Initializing Spring DispatcherServlet 'dispatcherServlet'
Initializing Servlet 'dispatcherServlet'
Completed initialization in 7 ms
User IP: 127.0.0.1
simon@bussmann.es is not allowed to vote
User IP: 127.0.0.1
lars.hogardt@adolfinum.de is voting now
Shutting down ExecutorService 'applicationTaskExecutor'
Closing JPA EntityManagerFactory for persistence unit 'default'
HikariPool-1 - Shutdown initiated...
HikariPool-1 - Shutdown completed.
2020-11-01 22:41:38,543 INFO [main] Starting AbizeitungVotingSystemApplication on bitecoding-System-Product-Name with PID 15201 (/home/bitecoding/Documents/AbizeitungVotingSystem/target/classes started by bitecoding in /home/bitecoding/Documents/AbizeitungVotingSystem)
2020-11-01 22:41:38,547 INFO [main] No active profile set, falling back to default profiles: default
2020-11-01 22:41:39,090 INFO [main] Bootstrapping Spring Data JPA repositories in DEFAULT mode.
2020-11-01 22:41:39,144 INFO [main] Finished Spring Data repository scanning in 47ms. Found 2 JPA repository interfaces.
2020-11-01 22:41:39,881 INFO [main] Tomcat initialized with port(s): 8080 (http)
2020-11-01 22:41:39,890 INFO [main] Initializing ProtocolHandler ["http-nio-8080"]
2020-11-01 22:41:39,891 INFO [main] Starting service [Tomcat]
2020-11-01 22:41:39,891 INFO [main] Starting Servlet engine: [Apache Tomcat/9.0.38]
2020-11-01 22:41:39,976 INFO [main] Initializing Spring embedded WebApplicationContext
2020-11-01 22:41:39,976 INFO [main] Root WebApplicationContext: initialization completed in 1366 ms
2020-11-01 22:41:40,189 INFO [main] HHH000204: Processing PersistenceUnitInfo [name: default]
2020-11-01 22:41:40,226 INFO [main] HHH000412: Hibernate ORM core version 5.4.21.Final
2020-11-01 22:41:40,321 INFO [main] HCANN000001: Hibernate Commons Annotations {5.1.0.Final}
2020-11-01 22:41:40,390 INFO [main] HikariPool-1 - Starting...
2020-11-01 22:41:40,775 INFO [main] HikariPool-1 - Start completed.
2020-11-01 22:41:40,795 INFO [main] HHH000400: Using dialect: org.hibernate.dialect.MySQL8Dialect
2020-11-01 22:41:41,266 INFO [main] HHH000490: Using JtaPlatform implementation: [org.hibernate.engine.transaction.jta.platform.internal.NoJtaPlatform]
2020-11-01 22:41:41,271 INFO [main] Initialized JPA EntityManagerFactory for persistence unit 'default'
2020-11-01 22:41:41,602 WARN [main] spring.jpa.open-in-view is enabled by default. Therefore, database queries may be performed during view rendering. Explicitly configure spring.jpa.open-in-view to disable this warning
2020-11-01 22:41:41,716 INFO [main] Initializing ExecutorService 'applicationTaskExecutor'
2020-11-01 22:41:41,917 INFO [main] Starting ProtocolHandler ["http-nio-8080"]
2020-11-01 22:41:41,946 INFO [main] Tomcat started on port(s): 8080 (http) with context path ''
2020-11-01 22:41:41,958 INFO [main] Started AbizeitungVotingSystemApplication in 3.733 seconds (JVM running for 4.189)
2020-11-01 22:42:07,294 INFO [http-nio-8080-exec-1] Initializing Spring DispatcherServlet 'dispatcherServlet'
2020-11-01 22:42:07,294 INFO [http-nio-8080-exec-1] Initializing Servlet 'dispatcherServlet'
2020-11-01 22:42:07,301 INFO [http-nio-8080-exec-1] Completed initialization in 7 ms
2020-11-01 22:42:07,436 INFO [http-nio-8080-exec-1] User IP: 127.0.0.1
2020-11-01 22:42:24,164 ERROR [http-nio-8080-exec-2] simon@bussmann.es is not allowed to vote
2020-11-01 22:42:26,350 INFO [http-nio-8080-exec-3] User IP: 127.0.0.1
2020-11-01 23:26:15,164 INFO [SpringContextShutdownHook] Shutting down ExecutorService 'applicationTaskExecutor'
2020-11-01 23:26:15,165 INFO [SpringContextShutdownHook] Closing JPA EntityManagerFactory for persistence unit 'default'
2020-11-01 23:26:15,167 INFO [SpringContextShutdownHook] HikariPool-1 - Shutdown initiated...
2020-11-01 23:26:15,176 INFO [SpringContextShutdownHook] HikariPool-1 - Shutdown completed.
